{
  "stats": {
    "suites": 1,
    "tests": 3,
    "passes": 3,
    "pending": 0,
    "failures": 0,
    "start": "2018-04-25T17:59:27.943Z",
    "end": "2018-04-25T17:59:30.172Z",
    "duration": 2229,
    "testsRegistered": 3,
    "passPercent": 100,
    "pendingPercent": 0,
    "other": 0,
    "hasOther": false,
    "skipped": 0,
    "hasSkipped": false,
    "passPercentClass": "success",
    "pendingPercentClass": "danger"
  },
  "suites": {
    "uuid": "e74b3bb8-77df-4513-aab8-67c981cb3092",
    "title": "",
    "fullFile": "",
    "file": "",
    "beforeHooks": [],
    "afterHooks": [],
    "tests": [],
    "suites": [
      {
        "uuid": "91d351e4-5a05-46ee-9730-4fbeecd608c1",
        "title": "Users API unit test",
        "fullFile": "/home/ubuntu/workspace/test/testUsersApi.js",
        "file": "/test/testUsersApi.js",
        "beforeHooks": [],
        "afterHooks": [],
        "tests": [
          {
            "title": "should return collection of JSON documents",
            "fullTitle": "Users API unit test should return collection of JSON documents",
            "timedOut": false,
            "duration": 1406,
            "state": "passed",
            "speed": "slow",
            "pass": true,
            "fail": false,
            "pending": false,
            "code": "// calling home page api\n(0, _supertest2.default)(_index.server).get('/api/user').expect('Content-type', /json/).expect(200) // This is the HTTP response\n.end(function (err, res) {\n  // HTTP status should be 200\n  res.status.should.equal(200);\n  done();\n});",
            "err": {},
            "isRoot": false,
            "uuid": "318d615c-3707-4631-8ebc-1dcc7ea091c1",
            "isHook": false,
            "skipped": false
          },
          {
            "title": "should register a user",
            "fullTitle": "Users API unit test should register a user",
            "timedOut": false,
            "duration": 479,
            "state": "passed",
            "speed": "slow",
            "pass": true,
            "fail": false,
            "pending": false,
            "code": "// post to /api/contacts\n(0, _supertest2.default)(_index.server).post('/api/user').query({ action: 'register' }).send({\n  fName: \"Eddie\",\n  lName: \"Englebert\",\n  streetAddress1: \"1 Eddie street\",\n  streetAddress2: \"Eddie Estate\",\n  townCity: \"Eddie Town\",\n  countyState: \"County Eddie\",\n  email: \"eddie@email.com\",\n  userName: \"eddie101\",\n  password: \"eddiePword\",\n  admin: false\n}).expect('Content-type', /json/).expect(201).end(function (err, res) {\n  res.status.should.equal(201);\n  _should2.default.exist(res.body._id);\n  //should(res.body.success).equal(true);\n  done();\n});",
            "err": {},
            "isRoot": false,
            "uuid": "9f64a2e7-ea2c-452a-ab01-7d9fc8824c8e",
            "isHook": false,
            "skipped": false
          },
          {
            "title": "should authenticate a user",
            "fullTitle": "Users API unit test should authenticate a user",
            "timedOut": false,
            "duration": 312,
            "state": "passed",
            "speed": "slow",
            "pass": true,
            "fail": false,
            "pending": false,
            "code": "// post to /api/contacts\n(0, _supertest2.default)(_index.server).post('/api/user').send({ 'userName': 'adam101', password: 'adamPword' }).expect('Content-type', /json/).expect(200).end(function (err, res) {\n  res.status.should.equal(200);\n  //res.body.token.substring(0, 3).should.equal('JWT');\n  done();\n});",
            "err": {},
            "isRoot": false,
            "uuid": "8e736c65-5bc5-4fc4-8b3d-e68cc046fed6",
            "isHook": false,
            "skipped": false
          }
        ],
        "suites": [],
        "passes": [
          "318d615c-3707-4631-8ebc-1dcc7ea091c1",
          "9f64a2e7-ea2c-452a-ab01-7d9fc8824c8e",
          "8e736c65-5bc5-4fc4-8b3d-e68cc046fed6"
        ],
        "failures": [],
        "pending": [],
        "skipped": [],
        "duration": 2197,
        "root": false,
        "rootEmpty": false,
        "_timeout": 120000
      }
    ],
    "passes": [],
    "failures": [],
    "pending": [],
    "skipped": [],
    "duration": 0,
    "root": true,
    "rootEmpty": true,
    "_timeout": 2000
  },
  "copyrightYear": 2018
}